<?xml version="1.0" encoding="utf-8"?><testsuites name="pytest tests"><testsuite name="pytest" errors="0" failures="0" skipped="0" tests="19" time="1.532" timestamp="2026-03-17T02:25:10.191288+00:00" hostname="agent-env-d34d0f8b-d33d-48f8-872c-0b4e342277ab"><testcase classname="backend.tests.test_phase2_content_api.TestHealthEndpoints" name="test_health_returns_healthy_status" time="0.173" /><testcase classname="backend.tests.test_phase2_content_api.TestHealthEndpoints" name="test_root_endpoint_returns_welcome" time="0.061" /><testcase classname="backend.tests.test_phase2_content_api.TestFoodVideosEndpoint" name="test_food_videos_returns_8_videos" time="0.066" /><testcase classname="backend.tests.test_phase2_content_api.TestFoodVideosEndpoint" name="test_food_videos_has_categories" time="0.070" /><testcase classname="backend.tests.test_phase2_content_api.TestFoodVideosEndpoint" name="test_food_videos_structure" time="0.072" /><testcase classname="backend.tests.test_phase2_content_api.TestFoodVideosEndpoint" name="test_food_videos_categories_match" time="0.061" /><testcase classname="backend.tests.test_phase2_content_api.TestArabCountriesEndpoint" name="test_arab_countries_returns_6_countries" time="0.065" /><testcase classname="backend.tests.test_phase2_content_api.TestArabCountriesEndpoint" name="test_arab_countries_have_video_and_dish" time="0.071" /><testcase classname="backend.tests.test_phase2_content_api.TestArabCountriesEndpoint" name="test_arab_countries_structure" time="0.067" /><testcase classname="backend.tests.test_phase2_content_api.TestArabCountriesEndpoint" name="test_kuwait_is_present" time="0.070" /><testcase classname="backend.tests.test_phase2_content_api.TestSubscriptionPlansEndpoint" name="test_subscription_returns_4_plans" time="0.072" /><testcase classname="backend.tests.test_phase2_content_api.TestSubscriptionPlansEndpoint" name="test_subscription_plans_have_correct_ids" time="0.077" /><testcase classname="backend.tests.test_phase2_content_api.TestSubscriptionPlansEndpoint" name="test_subscription_plans_pricing" time="0.071" /><testcase classname="backend.tests.test_phase2_content_api.TestSubscriptionPlansEndpoint" name="test_subscription_plans_structure" time="0.064" /><testcase classname="backend.tests.test_phase2_content_api.TestMarketplaceItemsEndpoint" name="test_marketplace_returns_8_items" time="0.074" /><testcase classname="backend.tests.test_phase2_content_api.TestMarketplaceItemsEndpoint" name="test_marketplace_items_structure" time="0.072" /><testcase classname="backend.tests.test_phase2_content_api.TestMarketplaceItemsEndpoint" name="test_marketplace_items_have_valid_prices" time="0.070" /><testcase classname="backend.tests.test_phase2_content_api.TestContentCategories" name="test_categories_returns_list" time="0.068" /><testcase classname="backend.tests.test_phase2_content_api.TestContentCategories" name="test_categories_structure" time="0.068" /></testsuite></testsuites>