<?xml version="1.0" encoding="utf-8"?><testsuites name="pytest tests"><testsuite name="pytest" errors="0" failures="0" skipped="0" tests="12" time="1.780" timestamp="2026-03-18T00:56:44.015967+00:00" hostname="agent-env-d34d0f8b-d33d-48f8-872c-0b4e342277ab"><testcase classname="tests.test_phase5_features.TestHealthAndBasicAPIs" name="test_health_endpoint" time="0.197" /><testcase classname="tests.test_phase5_features.TestTouristGuideAPI" name="test_tourists_guide_endpoint" time="0.134" /><testcase classname="tests.test_phase5_features.TestTouristGuideAPI" name="test_etiquette_sections" time="0.138" /><testcase classname="tests.test_phase5_features.TestTouristGuideAPI" name="test_cuisine_dishes" time="0.147" /><testcase classname="tests.test_phase5_features.TestTouristGuideAPI" name="test_landmarks_places" time="0.133" /><testcase classname="tests.test_phase5_features.TestTouristGuideAPI" name="test_social_life_topics" time="0.147" /><testcase classname="tests.test_phase5_features.TestTouristGuideAPI" name="test_useful_phrases" time="0.128" /><testcase classname="tests.test_phase5_features.TestContentAPIs" name="test_food_videos_endpoint" time="0.145" /><testcase classname="tests.test_phase5_features.TestContentAPIs" name="test_arab_countries_endpoint" time="0.139" /><testcase classname="tests.test_phase5_features.TestContentAPIs" name="test_categories_endpoint" time="0.143" /><testcase classname="tests.test_phase5_features.TestSubscriptionsAPI" name="test_subscription_plans" time="0.134" /><testcase classname="tests.test_phase5_features.TestMarketplaceAPI" name="test_marketplace_items" time="0.144" /></testsuite></testsuites>